Started POST "/say" for 127.0.0.1 at 2020-03-21 17:18:59 -0300
Processing by CowController#say as */*
  Parameters: {"message"=>"Hello from RapidAPI", "cow"=>{"message"=>"Hello from RapidAPI"}}
  Rendering cow/say.json.jbuilder
  Rendered cow/say.json.jbuilder (1.2ms)
Completed 200 OK in 224ms (Views: 111.0ms)


Started POST "/say" for ::1 at 2020-03-21 17:24:36 -0300
Processing by CowController#say as */*
  Parameters: {"message"=>"Hello from RapidAPI", "cow"=>{"message"=>"Hello from RapidAPI"}}
  Rendering cow/say.json.jbuilder
  Rendered cow/say.json.jbuilder (3.8ms)
Completed 200 OK in 38ms (Views: 24.4ms)


Started GET "/say" for 127.0.0.1 at 2020-03-21 17:27:42 -0300
  
ActionController::RoutingError (No route matches [GET] "/say"):
  
actionpack (5.2.4.2) lib/action_dispatch/middleware/debug_exceptions.rb:65:in `call'
actionpack (5.2.4.2) lib/action_dispatch/middleware/show_exceptions.rb:33:in `call'
railties (5.2.4.2) lib/rails/rack/logger.rb:38:in `call_app'
railties (5.2.4.2) lib/rails/rack/logger.rb:26:in `block in call'
activesupport (5.2.4.2) lib/active_support/tagged_logging.rb:71:in `block in tagged'
activesupport (5.2.4.2) lib/active_support/tagged_logging.rb:28:in `tagged'
activesupport (5.2.4.2) lib/active_support/tagged_logging.rb:71:in `tagged'
railties (5.2.4.2) lib/rails/rack/logger.rb:26:in `call'
actionpack (5.2.4.2) lib/action_dispatch/middleware/remote_ip.rb:81:in `call'
actionpack (5.2.4.2) lib/action_dispatch/middleware/request_id.rb:27:in `call'
rack (2.2.2) lib/rack/runtime.rb:22:in `call'
activesupport (5.2.4.2) lib/active_support/cache/strategy/local_cache_middleware.rb:29:in `call'
actionpack (5.2.4.2) lib/action_dispatch/middleware/executor.rb:14:in `call'
actionpack (5.2.4.2) lib/action_dispatch/middleware/static.rb:127:in `call'
rack (2.2.2) lib/rack/sendfile.rb:110:in `call'
railties (5.2.4.2) lib/rails/engine.rb:524:in `call'
puma (3.12.4) lib/puma/configuration.rb:227:in `call'
puma (3.12.4) lib/puma/server.rb:675:in `handle_request'
puma (3.12.4) lib/puma/server.rb:476:in `process_client'
puma (3.12.4) lib/puma/server.rb:334:in `block in run'
puma (3.12.4) lib/puma/thread_pool.rb:135:in `block in spawn_thread'
Started POST "/say" for 127.0.0.1 at 2020-03-21 17:29:10 -0300
Processing by CowController#say as */*
  Parameters: {"message"=>"Hello from RapidAPI", "cow"=>{"message"=>"Hello from RapidAPI"}}
  Rendering cow/say.json.jbuilder
  Rendered cow/say.json.jbuilder (6.2ms)
Completed 200 OK in 40ms (Views: 28.2ms)


Started POST "/say" for 127.0.0.1 at 2020-03-21 17:53:41 -0300
Processing by CowController#say as */*
  Parameters: {"message"=>"Hello from RapidAPI", "cow"=>"stegosaurus", "ballon_type"=>"think"}
  Rendering cow/say.json.jbuilder
  Rendered cow/say.json.jbuilder (1.2ms)
Completed 200 OK in 136ms (Views: 8.3ms)


Started POST "/say" for 127.0.0.1 at 2020-03-21 17:54:16 -0300
Processing by CowController#say as */*
  Parameters: {"message"=>"Hello from RapidAPI", "cow"=>"stegosaurus", "ballon_type"=>"think"}
  Rendering cow/say.json.jbuilder
  Rendered cow/say.json.jbuilder (7.8ms)
Completed 200 OK in 33ms (Views: 19.3ms)


Started POST "/say" for 127.0.0.1 at 2020-03-21 17:54:34 -0300
Processing by CowController#say as */*
  Parameters: {"message"=>"Hello from RapidAPI", "cow"=>"stegosaurus", "ballon_type"=>"think"}
  Rendering cow/say.json.jbuilder
  Rendered cow/say.json.jbuilder (1.3ms)
Completed 200 OK in 27ms (Views: 18.2ms)


Started POST "/say" for 127.0.0.1 at 2020-03-21 18:13:49 -0300
Processing by CowController#say as */*
  Parameters: {"message"=>"Hello from RapidAPI", "cow"=>"beavis", "ballon_type"=>"think"}
Unpermitted parameters: :message, :ballon_type
  Rendering cow/say.json.jbuilder
  Rendered cow/say.json.jbuilder (1.2ms)
Completed 200 OK in 23ms (Views: 12.1ms)


Started POST "/say" for 127.0.0.1 at 2020-03-21 18:14:01 -0300
Processing by CowController#say as */*
  Parameters: {"message"=>"Hello from RapidAPI", "cow"=>"beavis.zen", "ballon_type"=>"think"}
Unpermitted parameters: :message, :ballon_type
  Rendering cow/say.json.jbuilder
  Rendered cow/say.json.jbuilder (1.0ms)
Completed 200 OK in 109ms (Views: 17.0ms)


Started POST "/say" for 127.0.0.1 at 2020-03-21 18:14:15 -0300
Processing by CowController#say as */*
  Parameters: {"message"=>"Hello from RapidAPI", "cow"=>"bong", "ballon_type"=>"think"}
Unpermitted parameters: :message, :ballon_type
  Rendering cow/say.json.jbuilder
  Rendered cow/say.json.jbuilder (1.0ms)
Completed 200 OK in 97ms (Views: 14.9ms)


Started POST "/say" for 127.0.0.1 at 2020-03-21 18:15:00 -0300
Processing by CowController#say as */*
  Parameters: {"message"=>"japita la inea", "cow"=>"bong", "ballon_type"=>"think"}
Unpermitted parameters: :message, :ballon_type
  Rendering cow/say.json.jbuilder
  Rendered cow/say.json.jbuilder (1.0ms)
Completed 200 OK in 28ms (Views: 19.0ms)


Started POST "/say" for 127.0.0.1 at 2020-03-21 18:15:37 -0300
Processing by CowController#say as */*
  Parameters: {"message"=>"japita la inea", "cow"=>"bong", "ballon_type"=>"think"}
Unpermitted parameters: :message, :ballon_type
  Rendering cow/say.json.jbuilder
  Rendered cow/say.json.jbuilder (7.8ms)
Completed 200 OK in 24ms (Views: 14.1ms)


Started POST "/say" for 127.0.0.1 at 2020-03-21 18:15:47 -0300
Processing by CowController#say as */*
  Parameters: {"message"=>"japita la inea", "cow"=>"bud-frogs", "ballon_type"=>"think"}
Unpermitted parameters: :message, :ballon_type
  Rendering cow/say.json.jbuilder
  Rendered cow/say.json.jbuilder (3.3ms)
Completed 200 OK in 114ms (Views: 12.8ms)


Started POST "/say" for 127.0.0.1 at 2020-03-21 18:15:58 -0300
Processing by CowController#say as */*
  Parameters: {"message"=>"japita la inea", "cow"=>"bunny", "ballon_type"=>"think"}
Unpermitted parameters: :message, :ballon_type
  Rendering cow/say.json.jbuilder
  Rendered cow/say.json.jbuilder (11.1ms)
Completed 200 OK in 91ms (Views: 17.5ms)


Started POST "/say" for 127.0.0.1 at 2020-03-21 18:16:10 -0300
Processing by CowController#say as */*
  Parameters: {"message"=>"japita la inea", "cow"=>"cheese", "ballon_type"=>"think"}
Unpermitted parameters: :message, :ballon_type
  Rendering cow/say.json.jbuilder
  Rendered cow/say.json.jbuilder (5.5ms)
Completed 200 OK in 61ms (Views: 19.2ms)


Started POST "/say" for 127.0.0.1 at 2020-03-21 18:16:20 -0300
Processing by CowController#say as */*
  Parameters: {"message"=>"japita la inea", "cow"=>"cower", "ballon_type"=>"think"}
Unpermitted parameters: :message, :ballon_type
  Rendering cow/say.json.jbuilder
  Rendered cow/say.json.jbuilder (5.5ms)
Completed 200 OK in 89ms (Views: 22.1ms)


Started POST "/say" for 127.0.0.1 at 2020-03-21 18:16:29 -0300
Processing by CowController#say as */*
  Parameters: {"message"=>"japita la inea", "cow"=>"daemon", "ballon_type"=>"think"}
Unpermitted parameters: :message, :ballon_type
  Rendering cow/say.json.jbuilder
  Rendered cow/say.json.jbuilder (1.1ms)
Completed 200 OK in 114ms (Views: 13.8ms)


Started POST "/say" for 127.0.0.1 at 2020-03-21 18:16:42 -0300
Processing by CowController#say as */*
  Parameters: {"message"=>"japita la inea", "cow"=>"dragon-and-cow", "ballon_type"=>"think"}
Unpermitted parameters: :message, :ballon_type
  Rendering cow/say.json.jbuilder
  Rendered cow/say.json.jbuilder (1.1ms)
Completed 200 OK in 63ms (Views: 16.0ms)


Started POST "/say" for 127.0.0.1 at 2020-03-21 18:16:55 -0300
Processing by CowController#say as */*
  Parameters: {"message"=>"japita la inea", "cow"=>"dragon", "ballon_type"=>"think"}
Unpermitted parameters: :message, :ballon_type
  Rendering cow/say.json.jbuilder
  Rendered cow/say.json.jbuilder (1.1ms)
Completed 200 OK in 102ms (Views: 14.1ms)


Started POST "/say" for 127.0.0.1 at 2020-03-21 18:17:08 -0300
Processing by CowController#say as */*
  Parameters: {"message"=>"japita la inea", "cow"=>"elephant-in-snake", "ballon_type"=>"think"}
Unpermitted parameters: :message, :ballon_type
  Rendering cow/say.json.jbuilder
  Rendered cow/say.json.jbuilder (5.3ms)
Completed 200 OK in 91ms (Views: 14.5ms)


Started POST "/say" for 127.0.0.1 at 2020-03-21 18:17:18 -0300
Processing by CowController#say as */*
  Parameters: {"message"=>"japita la inea", "cow"=>"elephant", "ballon_type"=>"think"}
Unpermitted parameters: :message, :ballon_type
  Rendering cow/say.json.jbuilder
  Rendered cow/say.json.jbuilder (0.9ms)
Completed 200 OK in 81ms (Views: 43.6ms)


Started POST "/say" for 127.0.0.1 at 2020-03-21 18:17:26 -0300
Processing by CowController#say as */*
  Parameters: {"message"=>"japita la inea", "cow"=>"eyes", "ballon_type"=>"think"}
Unpermitted parameters: :message, :ballon_type
  Rendering cow/say.json.jbuilder
  Rendered cow/say.json.jbuilder (1.0ms)
Completed 200 OK in 101ms (Views: 15.7ms)


Started POST "/say" for 127.0.0.1 at 2020-03-21 18:17:38 -0300
Processing by CowController#say as */*
  Parameters: {"message"=>"japita la inea", "cow"=>"flaming-sheep", "ballon_type"=>"think"}
Unpermitted parameters: :message, :ballon_type
  Rendering cow/say.json.jbuilder
  Rendered cow/say.json.jbuilder (8.9ms)
Completed 200 OK in 89ms (Views: 14.9ms)


Started POST "/say" for 127.0.0.1 at 2020-03-21 18:17:53 -0300
Processing by CowController#say as */*
  Parameters: {"message"=>"japita la inea", "cow"=>"ghostbusters", "ballon_type"=>"think"}
Unpermitted parameters: :message, :ballon_type
  Rendering cow/say.json.jbuilder
  Rendered cow/say.json.jbuilder (1.0ms)
Completed 200 OK in 48ms (Views: 18.7ms)


Started POST "/say" for 127.0.0.1 at 2020-03-21 18:18:13 -0300
Processing by CowController#say as */*
  Parameters: {"message"=>"japita la inea", "cow"=>"head-in", "ballon_type"=>"think"}
Unpermitted parameters: :message, :ballon_type
  Rendering cow/say.json.jbuilder
  Rendered cow/say.json.jbuilder (0.9ms)
Completed 200 OK in 62ms (Views: 15.6ms)


Started POST "/say" for 127.0.0.1 at 2020-03-21 18:18:26 -0300
Processing by CowController#say as */*
  Parameters: {"message"=>"japita la inea", "cow"=>"hello-kitty", "ballon_type"=>"think"}
Unpermitted parameters: :message, :ballon_type
  Rendering cow/say.json.jbuilder
  Rendered cow/say.json.jbuilder (0.8ms)
Completed 200 OK in 26ms (Views: 16.4ms)


Started POST "/say" for 127.0.0.1 at 2020-03-21 18:18:34 -0300
Processing by CowController#say as */*
  Parameters: {"message"=>"japita la inea", "cow"=>"hellokitty", "ballon_type"=>"think"}
Unpermitted parameters: :message, :ballon_type
  Rendering cow/say.json.jbuilder
  Rendered cow/say.json.jbuilder (1.0ms)
Completed 200 OK in 63ms (Views: 16.2ms)


Started POST "/say" for 127.0.0.1 at 2020-03-21 18:18:46 -0300
Processing by CowController#say as */*
  Parameters: {"message"=>"japita la inea", "cow"=>"kiss", "ballon_type"=>"think"}
Unpermitted parameters: :message, :ballon_type
  Rendering cow/say.json.jbuilder
  Rendered cow/say.json.jbuilder (0.9ms)
Completed 200 OK in 100ms (Views: 14.8ms)


Started POST "/say" for 127.0.0.1 at 2020-03-21 18:18:53 -0300
Processing by CowController#say as */*
  Parameters: {"message"=>"japita la inea", "cow"=>"kittu", "ballon_type"=>"think"}
Unpermitted parameters: :message, :ballon_type
  Rendering cow/say.json.jbuilder
  Rendered cow/say.json.jbuilder (1.0ms)
Completed 200 OK in 27ms (Views: 13.4ms)


Started POST "/say" for 127.0.0.1 at 2020-03-21 18:19:00 -0300
Processing by CowController#say as */*
  Parameters: {"message"=>"japita la inea", "cow"=>"kitty", "ballon_type"=>"think"}
Unpermitted parameters: :message, :ballon_type
  Rendering cow/say.json.jbuilder
  Rendered cow/say.json.jbuilder (1.0ms)
Completed 200 OK in 74ms (Views: 17.1ms)


Started POST "/say" for 127.0.0.1 at 2020-03-21 18:19:09 -0300
Processing by CowController#say as */*
  Parameters: {"message"=>"japita la inea", "cow"=>"koala", "ballon_type"=>"think"}
Unpermitted parameters: :message, :ballon_type
  Rendering cow/say.json.jbuilder
  Rendered cow/say.json.jbuilder (0.8ms)
Completed 200 OK in 85ms (Views: 20.9ms)


Started POST "/say" for 127.0.0.1 at 2020-03-21 18:19:19 -0300
Processing by CowController#say as */*
  Parameters: {"message"=>"japita la inea", "cow"=>"kosh", "ballon_type"=>"think"}
Unpermitted parameters: :message, :ballon_type
  Rendering cow/say.json.jbuilder
  Rendered cow/say.json.jbuilder (0.9ms)
Completed 200 OK in 84ms (Views: 16.5ms)


Started POST "/say" for 127.0.0.1 at 2020-03-21 18:19:30 -0300
Processing by CowController#say as */*
  Parameters: {"message"=>"japita la inea", "cow"=>"luke-koala", "ballon_type"=>"think"}
Unpermitted parameters: :message, :ballon_type
  Rendering cow/say.json.jbuilder
  Rendered cow/say.json.jbuilder (0.8ms)
Completed 200 OK in 81ms (Views: 13.6ms)


Started POST "/say" for 127.0.0.1 at 2020-03-21 18:19:45 -0300
Processing by CowController#say as */*
  Parameters: {"message"=>"japita la inea", "cow"=>"moofasa", "ballon_type"=>"think"}
Unpermitted parameters: :message, :ballon_type
  Rendering cow/say.json.jbuilder
  Rendered cow/say.json.jbuilder (0.9ms)
Completed 200 OK in 74ms (Views: 22.9ms)


Started POST "/say" for 127.0.0.1 at 2020-03-21 18:19:54 -0300
Processing by CowController#say as */*
  Parameters: {"message"=>"japita la inea", "cow"=>"ren", "ballon_type"=>"think"}
Unpermitted parameters: :message, :ballon_type
  Rendering cow/say.json.jbuilder
  Rendered cow/say.json.jbuilder (0.9ms)
Completed 200 OK in 84ms (Views: 16.6ms)


Started POST "/say" for 127.0.0.1 at 2020-03-21 18:20:02 -0300
Processing by CowController#say as */*
  Parameters: {"message"=>"japita la inea", "cow"=>"satanic", "ballon_type"=>"think"}
Unpermitted parameters: :message, :ballon_type
  Rendering cow/say.json.jbuilder
  Rendered cow/say.json.jbuilder (0.9ms)
Completed 200 OK in 68ms (Views: 11.2ms)


Started POST "/say" for 127.0.0.1 at 2020-03-21 18:20:27 -0300
Processing by CowController#say as */*
  Parameters: {"message"=>"japita la inea", "cow"=>"sodomized", "ballon_type"=>"think"}
Unpermitted parameters: :message, :ballon_type
  Rendering cow/say.json.jbuilder
  Rendered cow/say.json.jbuilder (1.0ms)
Completed 200 OK in 96ms (Views: 15.9ms)


Started POST "/say" for 127.0.0.1 at 2020-03-21 18:20:44 -0300
Processing by CowController#say as */*
  Parameters: {"message"=>"japita la inea", "cow"=>"three-eyes", "ballon_type"=>"think"}
Unpermitted parameters: :message, :ballon_type
  Rendering cow/say.json.jbuilder
  Rendered cow/say.json.jbuilder (0.9ms)
Completed 200 OK in 87ms (Views: 14.0ms)


Started POST "/say" for 127.0.0.1 at 2020-03-21 18:21:20 -0300
Processing by CowController#say as */*
  Parameters: {"message"=>"japita la inea", "cow"=>"vader-koala", "ballon_type"=>"think"}
Unpermitted parameters: :message, :ballon_type
  Rendering cow/say.json.jbuilder
  Rendered cow/say.json.jbuilder (0.9ms)
Completed 200 OK in 93ms (Views: 12.5ms)


Started POST "/say" for 127.0.0.1 at 2020-03-21 18:21:28 -0300
Processing by CowController#say as */*
  Parameters: {"message"=>"japita la inea", "cow"=>"vader", "ballon_type"=>"think"}
Unpermitted parameters: :message, :ballon_type
  Rendering cow/say.json.jbuilder
  Rendered cow/say.json.jbuilder (1.1ms)
Completed 200 OK in 61ms (Views: 9.8ms)


Started POST "/say" for 127.0.0.1 at 2020-03-21 18:21:36 -0300
Processing by CowController#say as */*
  Parameters: {"message"=>"japita la inea", "cow"=>"www", "ballon_type"=>"think"}
Unpermitted parameters: :message, :ballon_type
  Rendering cow/say.json.jbuilder
  Rendered cow/say.json.jbuilder (1.3ms)
Completed 200 OK in 73ms (Views: 21.7ms)


Started POST "/say" for 127.0.0.1 at 2020-03-21 18:22:24 -0300
Processing by CowController#say as */*
  Parameters: {"message"=>"japita la inea", "cow"=>"bong", "ballon_type"=>"think"}
Unpermitted parameters: :message, :ballon_type
  Rendering cow/say.json.jbuilder
  Rendered cow/say.json.jbuilder (0.9ms)
Completed 200 OK in 15ms (Views: 7.8ms)


Started POST "/say" for 127.0.0.1 at 2020-03-21 18:22:42 -0300
Processing by CowController#say as */*
  Parameters: {"message"=>"japita la inea", "cow"=>"bong", "ballon_type"=>"think"}
Unpermitted parameters: :message, :ballon_type
  Rendering cow/say.json.jbuilder
  Rendered cow/say.json.jbuilder (1.0ms)
Completed 200 OK in 29ms (Views: 20.1ms)


Started POST "/say" for 127.0.0.1 at 2020-03-21 18:22:50 -0300
Processing by CowController#say as */*
  Parameters: {"message"=>"japita la inea", "cow"=>"bong", "ballon_type"=>"think"}
Unpermitted parameters: :message, :ballon_type
  Rendering cow/say.json.jbuilder
  Rendered cow/say.json.jbuilder (8.7ms)
Completed 200 OK in 32ms (Views: 25.5ms)


Started POST "/say" for 127.0.0.1 at 2020-03-21 18:23:15 -0300
Processing by CowController#say as */*
  Parameters: {"message"=>"Hello from RapidAPI", "cow"=>"bong", "ballon_type"=>"think"}
Unpermitted parameters: :message, :ballon_type
  Rendering cow/say.json.jbuilder
  Rendered cow/say.json.jbuilder (1.3ms)
Completed 200 OK in 36ms (Views: 18.4ms)


Started POST "/say" for 127.0.0.1 at 2020-03-21 18:24:32 -0300
Processing by CowController#say as */*
  Parameters: {"message"=>"japita la inea", "cow"=>"bong", "ballon_type"=>"think"}
Unpermitted parameters: :message, :ballon_type
  Rendering cow/say.json.jbuilder
  Rendered cow/say.json.jbuilder (1.1ms)
Completed 200 OK in 36ms (Views: 23.9ms)


Started POST "/say" for 127.0.0.1 at 2020-03-21 18:24:46 -0300
Processing by CowController#say as */*
  Parameters: {"message"=>"japita la inea", "cow"=>"bong", "ballon_type"=>"think"}
Unpermitted parameters: :message, :ballon_type
  Rendering cow/say.json.jbuilder
  Rendered cow/say.json.jbuilder (6.6ms)
Completed 200 OK in 30ms (Views: 18.8ms)


